Performing C SOURCE FILE Test CMAKE_HAVE_LIBC_PTHREAD failed with the following output:
Change Dir: /home/bicyclette/Programmation/Games/Maze/build/CMakeFiles/CMakeTmp

Run Build Command(s):/usr/bin/gmake cmTC_30123/fast && /usr/bin/gmake  -f CMakeFiles/cmTC_30123.dir/build.make CMakeFiles/cmTC_30123.dir/build
gmake[1] : on entre dans le répertoire « /home/bicyclette/Programmation/Games/Maze/build/CMakeFiles/CMakeTmp »
Building C object CMakeFiles/cmTC_30123.dir/src.c.o
/usr/bin/cc -DCMAKE_HAVE_LIBC_PTHREAD   -o CMakeFiles/cmTC_30123.dir/src.c.o -c /home/bicyclette/Programmation/Games/Maze/build/CMakeFiles/CMakeTmp/src.c
Linking C executable cmTC_30123
/usr/bin/cmake -E cmake_link_script CMakeFiles/cmTC_30123.dir/link.txt --verbose=1
/usr/bin/cc CMakeFiles/cmTC_30123.dir/src.c.o -o cmTC_30123 
/usr/bin/ld : CMakeFiles/cmTC_30123.dir/src.c.o : dans la fonction « main » :
src.c:(.text+0x2d) : référence indéfinie vers « pthread_create »
/usr/bin/ld : src.c:(.text+0x39) : référence indéfinie vers « pthread_detach »
/usr/bin/ld : src.c:(.text+0x45) : référence indéfinie vers « pthread_cancel »
/usr/bin/ld : src.c:(.text+0x56) : référence indéfinie vers « pthread_join »
collect2: erreur: ld a retourné le statut de sortie 1
gmake[1]: *** [CMakeFiles/cmTC_30123.dir/build.make:106 : cmTC_30123] Erreur 1
gmake[1] : on quitte le répertoire « /home/bicyclette/Programmation/Games/Maze/build/CMakeFiles/CMakeTmp »
gmake: *** [Makefile:140 : cmTC_30123/fast] Erreur 2


Source file was:
#include <pthread.h>

static void* test_func(void* data)
{
  return data;
}

int main(void)
{
  pthread_t thread;
  pthread_create(&thread, NULL, test_func, NULL);
  pthread_detach(thread);
  pthread_cancel(thread);
  pthread_join(thread, NULL);
  pthread_atfork(NULL, NULL, NULL);
  pthread_exit(NULL);

  return 0;
}

Determining if the function pthread_create exists in the pthreads failed with the following output:
Change Dir: /home/bicyclette/Programmation/Games/Maze/build/CMakeFiles/CMakeTmp

Run Build Command(s):/usr/bin/gmake cmTC_767cd/fast && /usr/bin/gmake  -f CMakeFiles/cmTC_767cd.dir/build.make CMakeFiles/cmTC_767cd.dir/build
gmake[1] : on entre dans le répertoire « /home/bicyclette/Programmation/Games/Maze/build/CMakeFiles/CMakeTmp »
Building C object CMakeFiles/cmTC_767cd.dir/CheckFunctionExists.c.o
/usr/bin/cc   -DCHECK_FUNCTION_EXISTS=pthread_create -o CMakeFiles/cmTC_767cd.dir/CheckFunctionExists.c.o -c /usr/share/cmake/Modules/CheckFunctionExists.c
Linking C executable cmTC_767cd
/usr/bin/cmake -E cmake_link_script CMakeFiles/cmTC_767cd.dir/link.txt --verbose=1
/usr/bin/cc  -DCHECK_FUNCTION_EXISTS=pthread_create CMakeFiles/cmTC_767cd.dir/CheckFunctionExists.c.o -o cmTC_767cd  -lpthreads 
/usr/bin/ld : ne peut trouver -lpthreads
collect2: erreur: ld a retourné le statut de sortie 1
gmake[1]: *** [CMakeFiles/cmTC_767cd.dir/build.make:106 : cmTC_767cd] Erreur 1
gmake[1] : on quitte le répertoire « /home/bicyclette/Programmation/Games/Maze/build/CMakeFiles/CMakeTmp »
gmake: *** [Makefile:140 : cmTC_767cd/fast] Erreur 2



